R1 =  1.0108
R2 =  2.0766
R3 =  3.1260
R4 =  4.1872
R5 =  3.0842
R6 =  2.0018
R7 =  1.0456
Va =  5.0012
Id =  1.0314
Kb =  7.1259
Kc =  8.2405
M =

 Columns 1 through 8:

   0.98931  -1.47085   0.48155   0.00000   0.00000   0.00000   0.00000   0.00000
   0.00000   0.48155  -0.48155   0.00000   0.00000   0.00000   0.00000   0.00000
   0.00000   0.00000   0.00000   0.00000   0.32424  -0.32424   0.00000   0.00000
   0.00000   0.00000   0.00000   0.49955   0.00000   0.00000  -0.49955   0.00000
   0.00000   0.00000   0.00000   0.00000   0.00000   0.00000  -0.95642   0.95642
   1.00000   0.00000   0.00000  -1.00000   0.00000   0.00000   0.00000   0.00000
   0.00000   1.00000   0.00000   0.00000  -1.00000   0.00000   0.00000   0.00000
   0.00000   0.00000   0.00000   0.00000   1.00000   0.00000   0.00000   0.00000
   0.00000   0.00000   0.00000   0.00000   1.00000   0.00000   0.00000  -1.00000
  -0.98931   0.98931   0.00000  -0.23882   0.23882   0.00000   0.00000   0.00000

 Columns 9 and 10:

  -0.31990   0.00000
   7.12594   0.00000
  -7.12594   0.00000
   0.00000  -0.12135
   0.00000   0.12135
   0.00000   0.00000
  -1.00000   0.00000
   0.00000   0.00000
   0.00000  -1.00000
   0.00000  -0.12135

V =

   0.00000
   0.00000
  -1.03136
   0.00000
   0.00000
   5.00121
   0.00000
   0.00000
   0.00000
   0.00000

I =

   0.19218
  -0.03269
  -0.51638
  -4.80903
   0.00000
   3.89926
  -6.66276
  -7.63099
  -0.03269
   7.63099

V1 =  0.19218
V2 = -0.032686
V3 = -0.51638
V4 = -4.8090
V5 = 0
V6 =  3.8993
V7 = -6.6628
V8 = -7.6310
Vb = -0.032686
Vc =  7.6310
