R1 =  1007.8
R2 =  2003.1
R3 =  3045.0
R4 =  4179.0
R5 =  3106.2
R6 =  2060.9
R7 =  1006.3
Va =  5.0486
I =  0.0010250
Kb =  0.0070596
Kc =  8039.1
G1 =  0.00099225
G2 =  0.00049922
G3 =  0.00032840
G4 =  0.00023929
G5 =  0.00032194
G6 =  0.00048522
G7 =  0.00099369
A =

      0.00000      0.00000      0.00000      1.00000
   8231.81374  -3045.03556  -4178.96607      0.00000
  -4178.96607      0.00000   -792.92571      0.00000
    -21.49668     20.49668      0.00000      0.00000

B =

   0.00103
  -5.04864
   0.00000
   0.00000

C =

  -0.00018655
  -0.00019566
   0.00098320
   0.00102503

D =

   1.00000   0.00000   0.00000   0.00000   0.00000   0.00000   0.00000
   0.00000   0.00182  -0.00050  -0.00033   0.00000   0.00000   0.00000
   0.00000   0.00805  -0.00050  -0.00706   0.00000   0.00000   0.00000
   0.00000   0.00000   0.00000   0.00000   0.00000   0.00148  -0.00099
   0.00000   0.00000   0.00000   1.00000   0.00000  -3.90079  -1.00000
   0.00000   0.00706   0.00000  -0.00738   0.00032   0.00000   0.00000
   0.00099  -0.00099   0.00000  -0.00024   0.00000  -0.00049   0.00000

E =

   5.04864
   0.00000
   0.00000
   0.00000
   0.00000
   0.00103
   0.00000

F =

    5.04864
    3.86192
   11.72622
    3.57549
    0.47867
    0.66347
    0.98744

Ia = -0.00018655
Ib = -0.00019566
Ic =  0.00098320
Id =  0.0010250
V0 =  5.0486
V1 =  3.8619
V2 =  11.726
V4 =  3.5755
V5 =  0.47867
V6 =  0.66347
V7 =  0.98744
fid =  19
ans = 0
fid =  19
ans = 0
